{
  "RSpec": {
    "coverage": {
      "/Users/apprentice/stack-overflow-workshop-challenge/dbc_overflow/spec/helpers/questions_helper_spec.rb": [
        1,
        null,
        1,
        1,
        null,
        null,
        null,
        null,
        null,
        null,
        null,
        null,
        null,
        null,
        null,
        1,
        1,
        null
      ],
      "/Users/apprentice/stack-overflow-workshop-challenge/dbc_overflow/spec/models/answer_spec.rb": [
        1,
        null,
        1,
        1,
        null
      ],
      "/Users/apprentice/stack-overflow-workshop-challenge/dbc_overflow/app/models/answer.rb": [
        1,
        1,
        null,
        1,
        null
      ],
      "/Users/apprentice/stack-overflow-workshop-challenge/dbc_overflow/spec/models/question_spec.rb": [
        1,
        null,
        1,
        1,
        null
      ],
      "/Users/apprentice/stack-overflow-workshop-challenge/dbc_overflow/app/models/question.rb": [
        1,
        1,
        null,
        1,
        null,
        null
      ]
    },
    "timestamp": 1430247823
  }
}
